{
  "RSpec": {
    "coverage": {
      "/Users/damiennivault/ruby/Gazooyr/app/models/user.rb": [
        1,
        null,
        null,
        1,
        null,
        1,
        null,
        1,
        0,
        null,
        null,
        1,
        0,
        0,
        0,
        0,
        0,
        null,
        null,
        null
      ],
      "/Users/damiennivault/ruby/Gazooyr/app/models/application_record.rb": [
        1,
        1,
        null
      ],
      "/Users/damiennivault/ruby/Gazooyr/app/helpers/application_helper.rb": [
        1,
        null
      ],
      "/Users/damiennivault/ruby/Gazooyr/app/helpers/gazooies_helper.rb": [
        1,
        null
      ],
      "/Users/damiennivault/ruby/Gazooyr/app/controllers/application_controller.rb": [
        1,
        1,
        null,
        1,
        null,
        1,
        26,
        26,
        26,
        null,
        null
      ],
      "/Users/damiennivault/ruby/Gazooyr/app/controllers/gazooies_controller.rb": [
        1,
        1,
        1,
        null,
        null,
        null
      ],
      "/Users/damiennivault/ruby/Gazooyr/app/mailers/application_mailer.rb": [
        0,
        0,
        0,
        0
      ],
      "/Users/damiennivault/ruby/Gazooyr/app/jobs/application_job.rb": [
        0,
        0
      ],
      "/Users/damiennivault/ruby/Gazooyr/app/channels/application_cable/connection.rb": [
        0,
        0,
        0,
        0
      ],
      "/Users/damiennivault/ruby/Gazooyr/app/channels/application_cable/channel.rb": [
        0,
        0,
        0,
        0
      ]
    },
    "timestamp": 1530884812
  }
}
